-------------------------------------------------------------------------------
Test set: ca.jrvs.apps.jdbc.QuoteService_UnitTest
-------------------------------------------------------------------------------
Tests run: 1, Failures: 1, Errors: 0, Skipped: 0, Time elapsed: 0.005 sec <<< FAILURE!
ca.jrvs.apps.jdbc.QuoteService_UnitTest.testFetchQuoteServiceFromApi()  Time elapsed: 0.002 sec  <<< FAILURE!
java.lang.NullPointerException
	at ca.jrvs.apps.jdbc.QuoteService_UnitTest.testFetchQuoteServiceFromApi(QuoteService_UnitTest.java:46)

