-------------------------------------------------------------------------------
Test set: ca.jrvs.apps.jdbc.QuoteService_IntTest
-------------------------------------------------------------------------------
Tests run: 1, Failures: 1, Errors: 0, Skipped: 0, Time elapsed: 2.844 sec <<< FAILURE!
ca.jrvs.apps.jdbc.QuoteService_IntTest.testFetchQuoteServiceFromApi()  Time elapsed: 2.832 sec  <<< FAILURE!
java.lang.NullPointerException
	at ca.jrvs.apps.jdbc.QuoteService_IntTest.testFetchQuoteServiceFromApi(QuoteService_IntTest.java:62)

