<?xml version="1.0" encoding="UTF-8" ?>
<testsuite tests="2" failures="2" name="ca.jrvs.apps.jdbc.PositionService_IntTest" time="0.005" errors="0" skipped="0">
  <properties>
[...]
</properties>
  <testcase classname="ca.jrvs.apps.jdbc.PositionService_IntTest" name="ca.jrvs.apps.jdbc.PositionService_IntTest.testBuy" time="0.004">
    <failure type="java.lang.NullPointerException">java.lang.NullPointerException
	at ca.jrvs.apps.jdbc.PositionService_IntTest.testBuy(PositionService_IntTest.java:46)
</failure>
  </testcase>
  <testcase classname="ca.jrvs.apps.jdbc.PositionService_IntTest" name="ca.jrvs.apps.jdbc.PositionService_IntTest.testSell" time="0.001">
    <failure type="java.lang.NullPointerException">java.lang.NullPointerException
	at ca.jrvs.apps.jdbc.PositionService_IntTest.testSell(PositionService_IntTest.java:57)
</failure>
  </testcase>
</testsuite>