<?xml version="1.0" encoding="UTF-8" ?>
<testsuite tests="6" failures="6" name="ca.jrvs.apps.jdbc.QuoteDao_Test" time="0.046" errors="0" skipped="0">
  <properties>
[...]
</properties>
  <testcase classname="ca.jrvs.apps.jdbc.QuoteDao_Test" name="ca.jrvs.apps.jdbc.QuoteDao_Test.testCreate" time="0.003">
    <failure type="java.lang.NullPointerException">java.lang.NullPointerException
	at ca.jrvs.apps.jdbc.QuoteDao_Test.testCreate(QuoteDao_Test.java:105)
</failure>
  </testcase>
  <testcase classname="ca.jrvs.apps.jdbc.QuoteDao_Test" name="ca.jrvs.apps.jdbc.QuoteDao_Test.testUpdate" time="0.012">
    <failure type="java.lang.NullPointerException">java.lang.NullPointerException
	at ca.jrvs.apps.jdbc.QuoteDao_Test.testUpdate(QuoteDao_Test.java:137)
</failure>
  </testcase>
  <testcase classname="ca.jrvs.apps.jdbc.QuoteDao_Test" name="ca.jrvs.apps.jdbc.QuoteDao_Test.testReadAll" time="0.001">
    <failure type="java.lang.NullPointerException">java.lang.NullPointerException
	at ca.jrvs.apps.jdbc.QuoteDao_Test.testReadAll(QuoteDao_Test.java:152)
</failure>
  </testcase>
  <testcase classname="ca.jrvs.apps.jdbc.QuoteDao_Test" name="ca.jrvs.apps.jdbc.QuoteDao_Test.testFindById" time="0.001">
    <failure type="java.lang.NullPointerException">java.lang.NullPointerException
	at ca.jrvs.apps.jdbc.QuoteDao_Test.testFindById(QuoteDao_Test.java:195)
</failure>
  </testcase>
  <testcase classname="ca.jrvs.apps.jdbc.QuoteDao_Test" name="ca.jrvs.apps.jdbc.QuoteDao_Test.testDeleteById" time="0.001">
    <failure type="java.lang.NullPointerException">java.lang.NullPointerException
	at ca.jrvs.apps.jdbc.QuoteDao_Test.testDeleteById(QuoteDao_Test.java:219)
</failure>
  </testcase>
  <testcase classname="ca.jrvs.apps.jdbc.QuoteDao_Test" name="ca.jrvs.apps.jdbc.QuoteDao_Test.testErrorHandling" time="0.028">
    <failure message="Unexpected exception type thrown, expected: &lt;java.lang.IllegalArgumentException&gt; but was: &lt;java.lang.NullPointerException&gt;" type="org.opentest4j.AssertionFailedError">org.opentest4j.AssertionFailedError: Unexpected exception type thrown, expected: &lt;java.lang.IllegalArgumentException&gt; but was: &lt;java.lang.NullPointerException&gt;
	at org.junit.jupiter.api.AssertionFailureBuilder.build(AssertionFailureBuilder.java:151)
	at org.junit.jupiter.api.AssertThrows.assertThrows(AssertThrows.java:67)
	at org.junit.jupiter.api.AssertThrows.assertThrows(AssertThrows.java:35)
	at org.junit.jupiter.api.Assertions.assertThrows(Assertions.java:3115)
	at ca.jrvs.apps.jdbc.QuoteDao_Test.testErrorHandling(QuoteDao_Test.java:230)
Caused by: java.lang.NullPointerException
	at ca.jrvs.apps.jdbc.QuoteDao_Test.lambda$testErrorHandling$0(QuoteDao_Test.java:230)
	at org.junit.jupiter.api.AssertThrows.assertThrows(AssertThrows.java:53)
	... 21 more
</failure>
  </testcase>
</testsuite>